# Logfile created on 2015-10-04 20:35:10 +0000 by logger.rb/1.2.8
[0;31;49m[Important] YUICompressor requires java to be installed. The JAVA_HOME variable should also be set.
[0m
[0;97;49mStarted GET "/" at 2015-10-04 20:35:22 +0000[0m
Detecting locale EN
Found page "Home page" [index]
  Rendered liquid page template
[0;32;49mCompleted 200 OK in 4.6ms

[0m
[0;31;49m[Important] YUICompressor requires java to be installed. The JAVA_HOME variable should also be set.
[0m
[0;97;49mStarted GET "/" at 2015-10-04 20:52:40 +0000[0m
Detecting locale EN
Found page "Home page" [index]
  Rendered liquid page template
[0;32;49mCompleted 200 OK in 4.2ms

[0m
[0;31;49m[Important] YUICompressor requires java to be installed. The JAVA_HOME variable should also be set.
[0m
[0;97;49mStarted GET "/" at 2015-10-04 20:54:02 +0000[0m
Detecting locale EN
Found page "Home page" [index]
  Rendered liquid page template
[0;32;49mCompleted 200 OK in 3.4ms

[0m
[0;97;49mStarted GET "/" at 2015-10-04 20:55:45 +0000[0m
Detecting locale EN
Found page "Home page" [index]
  Rendered liquid page template
[0;32;49mCompleted 200 OK in 2.4ms

[0m
[0;97;49mStarted GET "/" at 2015-10-04 20:55:46 +0000[0m
Detecting locale EN
Found page "Home page" [index]
  Rendered liquid page template
[0;32;49mCompleted 200 OK in 2.6ms

[0m
[0;31;49m[Important] YUICompressor requires java to be installed. The JAVA_HOME variable should also be set.
[0m
[0;97;49mStarted GET "/" at 2015-10-04 20:56:06 +0000[0m
Detecting locale EN
Found page "Home page" [index]
  Rendered liquid page template
[0;32;49mCompleted 200 OK in 3.4ms

[0m
[0;97;49mStarted GET "/" at 2015-10-04 20:56:09 +0000[0m
Detecting locale EN
Found page "Home page" [index]
  Rendered liquid page template
[0;32;49mCompleted 200 OK in 2.2ms

[0m
[0;31;49m[Important] YUICompressor requires java to be installed. The JAVA_HOME variable should also be set.
[0m
[0;97;49mStarted GET "/" at 2015-10-04 21:05:53 +0000[0m
Detecting locale EN
Found page "Home page" [index]
  Rendered liquid page template
[0;32;49mCompleted 200 OK in 4.0ms

[0m
[0;97;49mStarted GET "/" at 2015-10-04 21:07:45 +0000[0m
Detecting locale EN
Found page "Home page" [index]
  Rendered liquid page template
[0;32;49mCompleted 200 OK in 3.0ms

[0m
[0;97;49mStarted GET "/" at 2015-10-04 21:07:46 +0000[0m
Detecting locale EN
Found page "Home page" [index]
  Rendered liquid page template
[0;32;49mCompleted 200 OK in 1.9ms

[0m
[0;31;49m[Important] YUICompressor requires java to be installed. The JAVA_HOME variable should also be set.
[0m
[0;97;49mStarted GET "/" at 2015-10-04 21:09:47 +0000[0m
Detecting locale EN
Found page "Home page" [index]
  Rendered liquid page template
[0;32;49mCompleted 200 OK in 3.2ms

[0m
[0;31;49m[Important] YUICompressor requires java to be installed. The JAVA_HOME variable should also be set.
[0m
[0;97;49mStarted GET "/" at 2015-10-04 21:14:31 +0000[0m
Detecting locale EN
Found page "Home page" [index]
  Rendered liquid page template
[0;32;49mCompleted 200 OK in 2.8ms

[0m
